<?xml version="1.0" encoding="UTF-8"?>
<!-- Generated by org.testng.reporters.JUnitXMLReporter -->
<testsuite ignored="2" hostname="DESKTOP-IRUI47D" failures="0" tests="3" name="Test" time="0.086" errors="0" timestamp="18 Mar 2025 06:27:49 GMT">
  <testcase classname="com.zoho.CRM.generic.BaseTest.BaseTest" name="@BeforeClass configBC" time="0.0">
    <failure type="org.testng.TestNGException" message="
Parameter &amp;apos;Browser&amp;apos; is required by BeforeClass on method configBC but has not been marked @Optional or defined
in C:\Users\User\SeleniumTrainingAdvance\zohoCRMGUIFramwWork\batchExecution.xml">
      <![CDATA[org.testng.TestNGException: 
Parameter 'Browser' is required by BeforeClass on method configBC but has not been marked @Optional or defined
in C:\Users\User\SeleniumTrainingAdvance\zohoCRMGUIFramwWork\batchExecution.xml
... Removed 23 stack frames]]>
    </failure>
  </testcase> <!-- @BeforeClass configBC -->
  <testcase classname="com.zoho.CRM.generic.BaseTest.BaseTest" name="@BeforeMethod configBM" time="0.0">
    <skipped/>
  </testcase> <!-- @BeforeMethod configBM -->
  <testcase classname="com.zoho.CRM.generic.BaseTest.BaseTest" name="@AfterMethod configAM" time="0.0">
    <skipped/>
  </testcase> <!-- @AfterMethod configAM -->
  <testcase classname="com.zoho.CRM.generic.BaseTest.BaseTest" name="@BeforeMethod configBM" time="0.0">
    <skipped/>
  </testcase> <!-- @BeforeMethod configBM -->
  <testcase classname="com.zoho.CRM.generic.BaseTest.BaseTest" name="@AfterMethod configAM" time="0.0">
    <skipped/>
  </testcase> <!-- @AfterMethod configAM -->
  <testcase classname="com.zoho.CRM.generic.BaseTest.BaseTest" name="@AfterClass configAC" time="0.0">
    <skipped/>
  </testcase> <!-- @AfterClass configAC -->
  <testcase classname="com.zoho.CRM.generic.BaseTest.BaseTest" name="@BeforeClass configBC" time="0.0">
    <failure type="org.testng.TestNGException" message="
Parameter &amp;apos;Browser&amp;apos; is required by BeforeClass on method configBC but has not been marked @Optional or defined
in C:\Users\User\SeleniumTrainingAdvance\zohoCRMGUIFramwWork\batchExecution.xml">
      <![CDATA[org.testng.TestNGException: 
Parameter 'Browser' is required by BeforeClass on method configBC but has not been marked @Optional or defined
in C:\Users\User\SeleniumTrainingAdvance\zohoCRMGUIFramwWork\batchExecution.xml
... Removed 23 stack frames]]>
    </failure>
  </testcase> <!-- @BeforeClass configBC -->
  <testcase classname="com.zoho.CRM.generic.BaseTest.BaseTest" name="@BeforeMethod configBM" time="0.0">
    <skipped/>
  </testcase> <!-- @BeforeMethod configBM -->
  <testcase classname="com.zoho.CRM.generic.BaseTest.BaseTest" name="@AfterMethod configAM" time="0.0">
    <skipped/>
  </testcase> <!-- @AfterMethod configAM -->
  <testcase classname="com.zoho.CRM.generic.BaseTest.BaseTest" name="@AfterClass configAC" time="0.0">
    <skipped/>
  </testcase> <!-- @AfterClass configAC -->
  <testcase classname="com.zoho.CRM.CampaignsModule.CreateCampaign" name="createcampaignTest" time="0.0">
    <skipped/>
  </testcase> <!-- createcampaignTest -->
  <testcase classname="com.zoho.CRM.CampaignsModule.CreateCampaign" name="createcampaignwithtypeTest" time="0.0">
    <skipped/>
  </testcase> <!-- createcampaignwithtypeTest -->
  <testcase classname="com.zoho.CRM.ContactsModule.CreateContact" name="createcontactTest" time="0.0">
    <skipped/>
  </testcase> <!-- createcontactTest -->
  <testcase classname="com.zoho.CRM.generic.BaseTest.BaseTest" name="@BeforeSuite configBS" time="0.0">
    <ignored/>
  </testcase> <!-- @BeforeSuite configBS -->
  <testcase classname="com.zoho.CRM.generic.BaseTest.BaseTest" name="@AfterSuite configAS" time="0.0">
    <ignored/>
  </testcase> <!-- @AfterSuite configAS -->
</testsuite> <!-- Test -->
